<?xml version="1.0" encoding="UTF-8"?>
<!-- Generated by org.testng.reporters.JUnitXMLReporter -->
<testsuite ignored="0" hostname="LAPTOP-AAOHPEQP" failures="0" tests="2" name="Error Validation Test" time="0.034" errors="0" timestamp="2024-03-14T13:22:09 IST">
  <testcase classname="rahulsaEcomPrac.TestComponents.BaseTest" name="@BeforeMethod launchApplication" time="0.0">
    <failure type="java.lang.NullPointerException" message="Cannot invoke &amp;quot;org.openqa.selenium.WebDriver.manage()&amp;quot; because &amp;quot;this.driver&amp;quot; is null">
      <![CDATA[java.lang.NullPointerException: Cannot invoke "org.openqa.selenium.WebDriver.manage()" because "this.driver" is null
at rahulsaEcomPrac.TestComponents.BaseTest.intializeDriver(BaseTest.java:43)
at rahulsaEcomPrac.TestComponents.BaseTest.launchApplication(BaseTest.java:50)
at java.base/java.util.ArrayList.forEach(ArrayList.java:1511)
... Removed 31 stack frames]]>
    </failure>
  </testcase> <!-- @BeforeMethod launchApplication -->
  <testcase classname="rahulsaEcomPrac.TestComponents.BaseTest" name="@AfterMethod tearDown" time="-1.710402729895E9">
    <skipped/>
  </testcase> <!-- @AfterMethod tearDown -->
  <testcase classname="rahulsaEcomPrac.TestComponents.BaseTest" name="@BeforeMethod launchApplication" time="-1.7104027299E9">
    <skipped/>
  </testcase> <!-- @BeforeMethod launchApplication -->
  <testcase classname="rahulsaEcomPrac.TestComponents.BaseTest" name="@AfterMethod tearDown" time="-1.710402729912E9">
    <skipped/>
  </testcase> <!-- @AfterMethod tearDown -->
  <testcase classname="rahulsaEcomPrac.tests.ErrorValidationTest" name="checkProductMismatch" time="0.0">
    <skipped/>
  </testcase> <!-- checkProductMismatch -->
  <testcase classname="rahulsaEcomPrac.tests.ErrorValidationTest" name="loginErrorValidate" time="0.0">
    <skipped/>
  </testcase> <!-- loginErrorValidate -->
</testsuite> <!-- Error Validation Test -->
